[15793 - Suricata-Main] 2025-02-10 15:11:28 Notice: suricata: This is Suricata version 7.0.8 RELEASE running in SYSTEM mode
[15793 - Suricata-Main] 2025-02-10 15:11:28 Info: cpu: CPUs/cores online: 2
[15793 - Suricata-Main] 2025-02-10 15:11:28 Info: suricata: Running suricata under test mode
[15793 - Suricata-Main] 2025-02-10 15:11:28 Info: suricata: Setting engine mode to IDS mode by default
[15793 - Suricata-Main] 2025-02-10 15:11:28 Info: exception-policy: master exception-policy set to: auto
[15793 - Suricata-Main] 2025-02-10 15:11:28 Info: logopenfile: fast output device (regular) initialized: fast.log
[15793 - Suricata-Main] 2025-02-10 15:11:28 Info: logopenfile: eve-log output device (regular) initialized: eve.json
[15793 - Suricata-Main] 2025-02-10 15:11:28 Info: logopenfile: stats output device (regular) initialized: stats.log
[15793 - Suricata-Main] 2025-02-10 15:11:40 Info: detect: 1 rule files processed. 42723 rules successfully loaded, 0 rules failed, 0
[15793 - Suricata-Main] 2025-02-10 15:11:40 Info: threshold-config: Threshold config parsed: 0 rule(s) found
[15793 - Suricata-Main] 2025-02-10 15:11:40 Info: detect: 42726 signatures processed. 1170 are IP-only rules, 4418 are inspecting packet payload, 36922 inspect application layer, 108 are decoder event only
[15793 - Suricata-Main] 2025-02-10 15:11:57 Notice: suricata: Configuration provided was successfully loaded. Exiting.
[16168 - Suricata-Main] 2025-02-10 15:12:15 Notice: suricata: This is Suricata version 7.0.8 RELEASE running in SYSTEM mode
[16168 - Suricata-Main] 2025-02-10 15:12:15 Info: cpu: CPUs/cores online: 2
[16168 - Suricata-Main] 2025-02-10 15:12:15 Info: suricata: Setting engine mode to IDS mode by default
[16168 - Suricata-Main] 2025-02-10 15:12:15 Info: exception-policy: master exception-policy set to: auto
[16168 - Suricata-Main] 2025-02-10 15:12:15 Info: ioctl: eth0: MTU 1500
[16169 - Suricata-Main] 2025-02-10 15:12:15 Info: logopenfile: fast output device (regular) initialized: fast.log
[16169 - Suricata-Main] 2025-02-10 15:12:15 Info: logopenfile: eve-log output device (regular) initialized: eve.json
[16169 - Suricata-Main] 2025-02-10 15:12:15 Info: logopenfile: stats output device (regular) initialized: stats.log
[16169 - Suricata-Main] 2025-02-10 15:12:27 Info: detect: 1 rule files processed. 42723 rules successfully loaded, 0 rules failed, 0
[16169 - Suricata-Main] 2025-02-10 15:12:27 Info: threshold-config: Threshold config parsed: 0 rule(s) found
[16169 - Suricata-Main] 2025-02-10 15:12:27 Info: detect: 42726 signatures processed. 1170 are IP-only rules, 4418 are inspecting packet payload, 36922 inspect application layer, 108 are decoder event only
[16169 - Suricata-Main] 2025-02-10 15:12:45 Info: runmodes: eth0: creating 2 threads
[16169 - Suricata-Main] 2025-02-10 15:12:45 Info: unix-manager: unix socket '/var/run/suricata-command.socket'
[16169 - Suricata-Main] 2025-02-10 15:12:45 Notice: threads: Threads created -> W: 2 FM: 1 FR: 1   Engine started.
